<?xml version="1.0" encoding="UTF-8"?>
<testsuite name="test.pivotal.pal.tracker.WelcomeControllerTest" tests="1" skipped="0" failures="0" errors="0" timestamp="2017-11-01T06:09:08" hostname="superuser-pc" time="0.001">
  <properties/>
  <testcase name="itSaysHello" classname="test.pivotal.pal.tracker.WelcomeControllerTest" time="0.001"/>
  <system-out><![CDATA[]]></system-out>
  <system-err><![CDATA[]]></system-err>
</testsuite>
